# JRE version: OpenJDK Runtime Environment (20.0.1+9) (build 20.0.1+9-29)
# Java VM: OpenJDK 64-Bit Server VM (20.0.1+9-29, mixed mode, emulated-client, sharing, tiered, compressed oops, compressed class ptrs, g1 gc, windows-amd64)
GC Precious Log:
 CardTable entry size: 512
 Card Set container configuration: InlinePtr #cards 5 size 8 Array Of Cards #cards 12 size 40 Howl #buckets 4 coarsen threshold 1843 Howl Bitmap #cards 512 size 80 coarsen threshold 460 Card regions per heap region 1 cards per card region 2048
 CPUs: 4 total, 4 available
 Memory: 8089M
 Large Page Support: Disabled
 NUMA Support: Disabled
 Compressed Oops: Enabled (32-bit)
 Heap Region Size: 1M
 Heap Min Capacity: 8M
 Heap Initial Capacity: 128M
 Heap Max Capacity: 2024M
 Pre-touch: Disabled
 Parallel Workers: 4
 Concurrent Workers: 1
 Concurrent Refinement Workers: 4
 Periodic GC: Disabled
Heap:
 garbage-first heap   total 171008K, used 56264K [0x0000000081800000, 0x0000000100000000)
  region size 1024K, 10 young (10240K), 2 survivors (2048K)
 Metaspace       used 68984K, committed 69568K, reserved 1114112K
  class space    used 9309K, committed 9536K, reserved 1048576K
GC Heap History (20 events):
Event: 38292.597 GC heap before
{Heap before GC invocations=68 (full 0):
 garbage-first heap   total 171008K, used 147268K [0x0000000081800000, 0x0000000100000000)
  region size 1024K, 100 young (102400K), 4 survivors (4096K)
 Metaspace       used 68998K, committed 69568K, reserved 1114112K
  class space    used 9315K, committed 9536K, reserved 1048576K
}
Event: 38292.694 GC heap after
{Heap after GC invocations=69 (full 0):
 garbage-first heap   total 171008K, used 49938K [0x0000000081800000, 0x0000000100000000)
  region size 1024K, 4 young (4096K), 4 survivors (4096K)
 Metaspace       used 68998K, committed 69568K, reserved 1114112K
  class space    used 9315K, committed 9536K, reserved 1048576K
}
Event: 38741.887 GC heap before
{Heap before GC invocations=70 (full 0):
 garbage-first heap   total 171008K, used 148242K [0x0000000081800000, 0x0000000100000000)
  region size 1024K, 100 young (102400K), 4 survivors (4096K)
 Metaspace       used 68998K, committed 69568K, reserved 1114112K
  class space    used 9315K, committed 9536K, reserved 1048576K
}
Event: 38741.984 GC heap after
{Heap after GC invocations=71 (full 0):
 garbage-first heap   total 171008K, used 49548K [0x0000000081800000, 0x0000000100000000)
  region size 1024K, 4 young (4096K), 4 survivors (4096K)
 Metaspace       used 68998K, committed 69568K, reserved 1114112K
  class space    used 9315K, committed 9536K, reserved 1048576K
}
Event: 38761.133 GC heap before
{Heap before GC invocations=71 (full 0):
 garbage-first heap   total 171008K, used 53644K [0x0000000081800000, 0x0000000100000000)
  region size 1024K, 8 young (8192K), 4 survivors (4096K)
 Metaspace       used 68998K, committed 69568K, reserved 1114112K
  class space    used 9315K, committed 9536K, reserved 1048576K
}
Event: 38761.177 GC heap after
{Heap after GC invocations=72 (full 0):
 garbage-first heap   total 171008K, used 49384K [0x0000000081800000, 0x0000000100000000)
  region size 1024K, 1 young (1024K), 1 survivors (1024K)
 Metaspace       used 68998K, committed 69568K, reserved 1114112K
  class space    used 9315K, committed 9536K, reserved 1048576K
}
Event: 39218.274 GC heap before
{Heap before GC invocations=72 (full 0):
 garbage-first heap   total 171008K, used 150760K [0x0000000081800000, 0x0000000100000000)
  region size 1024K, 100 young (102400K), 1 survivors (1024K)
 Metaspace       used 68998K, committed 69568K, reserved 1114112K
  class space    used 9315K, committed 9536K, reserved 1048576K
}
Event: 39218.309 GC heap after
{Heap after GC invocations=73 (full 0):
 garbage-first heap   total 171008K, used 48964K [0x0000000081800000, 0x0000000100000000)
  region size 1024K, 1 young (1024K), 1 survivors (1024K)
 Metaspace       used 68998K, committed 69568K, reserved 1114112K
  class space    used 9315K, committed 9536K, reserved 1048576K
}
Event: 39679.697 GC heap before
{Heap before GC invocations=73 (full 0):
 garbage-first heap   total 171008K, used 150340K [0x0000000081800000, 0x0000000100000000)
  region size 1024K, 100 young (102400K), 1 survivors (1024K)
 Metaspace       used 68998K, committed 69568K, reserved 1114112K
  class space    used 9315K, committed 9536K, reserved 1048576K
}
Event: 39679.780 GC heap after
{Heap after GC invocations=74 (full 0):
 garbage-first heap   total 171008K, used 48678K [0x0000000081800000, 0x0000000100000000)
  region size 1024K, 1 young (1024K), 1 survivors (1024K)
 Metaspace       used 68998K, committed 69568K, reserved 1114112K
  class space    used 9315K, committed 9536K, reserved 1048576K
}
Event: 40108.888 GC heap before
{Heap before GC invocations=74 (full 0):
 garbage-first heap   total 171008K, used 150054K [0x0000000081800000, 0x0000000100000000)
  region size 1024K, 100 young (102400K), 1 survivors (1024K)
 Metaspace       used 69001K, committed 69568K, reserved 1114112K
  class space    used 9315K, committed 9536K, reserved 1048576K
}
Event: 40108.928 GC heap after
{Heap after GC invocations=75 (full 0):
 garbage-first heap   total 171008K, used 49135K [0x0000000081800000, 0x0000000100000000)
  region size 1024K, 1 young (1024K), 1 survivors (1024K)
 Metaspace       used 69001K, committed 69568K, reserved 1114112K
  class space    used 9315K, committed 9536K, reserved 1048576K
}
Event: 40579.984 GC heap before
{Heap before GC invocations=76 (full 0):
 garbage-first heap   total 171008K, used 150511K [0x0000000081800000, 0x0000000100000000)
  region size 1024K, 100 young (102400K), 1 survivors (1024K)
 Metaspace       used 68973K, committed 69568K, reserved 1114112K
  class space    used 9307K, committed 9536K, reserved 1048576K
}
Event: 40579.995 GC heap after
{Heap after GC invocations=77 (full 0):
 garbage-first heap   total 171008K, used 49139K [0x0000000081800000, 0x0000000100000000)
  region size 1024K, 1 young (1024K), 1 survivors (1024K)
 Metaspace       used 68973K, committed 69568K, reserved 1114112K
  class space    used 9307K, committed 9536K, reserved 1048576K
}
Event: 41065.507 GC heap before
{Heap before GC invocations=77 (full 0):
 garbage-first heap   total 171008K, used 150515K [0x0000000081800000, 0x0000000100000000)
  region size 1024K, 100 young (102400K), 1 survivors (1024K)
 Metaspace       used 68973K, committed 69568K, reserved 1114112K
  class space    used 9307K, committed 9536K, reserved 1048576K
}
Event: 41065.652 GC heap after
{Heap after GC invocations=78 (full 0):
 garbage-first heap   total 171008K, used 48806K [0x0000000081800000, 0x0000000100000000)
  region size 1024K, 1 young (1024K), 1 survivors (1024K)
 Metaspace       used 68973K, committed 69568K, reserved 1114112K
  class space    used 9307K, committed 9536K, reserved 1048576K
}
Event: 41473.631 GC heap before
{Heap before GC invocations=78 (full 0):
 garbage-first heap   total 171008K, used 139942K [0x0000000081800000, 0x0000000100000000)
  region size 1024K, 90 young (92160K), 1 survivors (1024K)
 Metaspace       used 68973K, committed 69568K, reserved 1114112K
  class space    used 9307K, committed 9536K, reserved 1048576K
}
Event: 41473.732 GC heap after
{Heap after GC invocations=79 (full 0):
 garbage-first heap   total 171008K, used 48284K [0x0000000081800000, 0x0000000100000000)
  region size 1024K, 1 young (1024K), 1 survivors (1024K)
 Metaspace       used 68973K, committed 69568K, reserved 1114112K
  class space    used 9307K, committed 9536K, reserved 1048576K
}
Event: 41913.907 GC heap before
{Heap before GC invocations=79 (full 0):
 garbage-first heap   total 171008K, used 149660K [0x0000000081800000, 0x0000000100000000)
  region size 1024K, 100 young (102400K), 1 survivors (1024K)
 Metaspace       used 68981K, committed 69568K, reserved 1114112K
  class space    used 9309K, committed 9536K, reserved 1048576K
}
Event: 41913.951 GC heap after
{Heap after GC invocations=80 (full 0):
 garbage-first heap   total 171008K, used 49096K [0x0000000081800000, 0x0000000100000000)
  region size 1024K, 2 young (2048K), 2 survivors (2048K)
 Metaspace       used 68981K, committed 69568K, reserved 1114112K
  class space    used 9309K, committed 9536K, reserved 1048576K
}

