# JRE version: OpenJDK Runtime Environment (20.0.1+9) (build 20.0.1+9-29)
# Java VM: OpenJDK 64-Bit Server VM (20.0.1+9-29, mixed mode, emulated-client, sharing, tiered, compressed oops, compressed class ptrs, g1 gc, windows-amd64)
GC Precious Log:
 CardTable entry size: 512
 Card Set container configuration: InlinePtr #cards 5 size 8 Array Of Cards #cards 12 size 40 Howl #buckets 4 coarsen threshold 1843 Howl Bitmap #cards 512 size 80 coarsen threshold 460 Card regions per heap region 1 cards per card region 2048
 CPUs: 4 total, 4 available
 Memory: 8089M
 Large Page Support: Disabled
 NUMA Support: Disabled
 Compressed Oops: Enabled (32-bit)
 Heap Region Size: 1M
 Heap Min Capacity: 8M
 Heap Initial Capacity: 128M
 Heap Max Capacity: 2024M
 Pre-touch: Disabled
 Parallel Workers: 4
 Concurrent Workers: 1
 Concurrent Refinement Workers: 4
 Periodic GC: Disabled
Heap:
 garbage-first heap   total 225280K, used 196284K [0x0000000081800000, 0x0000000100000000)
  region size 1024K, 128 young (131072K), 6 survivors (6144K)
 Metaspace       used 71665K, committed 72576K, reserved 1114112K
  class space    used 9773K, committed 10176K, reserved 1048576K
GC Heap History (20 events):
Event: 30.426 GC heap after
{Heap after GC invocations=27 (full 0):
 garbage-first heap   total 95232K, used 46443K [0x0000000081800000, 0x0000000100000000)
  region size 1024K, 4 young (4096K), 4 survivors (4096K)
 Metaspace       used 58143K, committed 58816K, reserved 1114112K
  class space    used 7853K, committed 8192K, reserved 1048576K
}
Event: 31.390 GC heap before
{Heap before GC invocations=27 (full 0):
 garbage-first heap   total 95232K, used 80235K [0x0000000081800000, 0x0000000100000000)
  region size 1024K, 38 young (38912K), 4 survivors (4096K)
 Metaspace       used 60978K, committed 61696K, reserved 1114112K
  class space    used 8247K, committed 8576K, reserved 1048576K
}
Event: 31.402 GC heap after
{Heap after GC invocations=28 (full 0):
 garbage-first heap   total 95232K, used 49299K [0x0000000081800000, 0x0000000100000000)
  region size 1024K, 6 young (6144K), 6 survivors (6144K)
 Metaspace       used 60978K, committed 61696K, reserved 1114112K
  class space    used 8247K, committed 8576K, reserved 1048576K
}
Event: 31.717 GC heap before
{Heap before GC invocations=29 (full 0):
 garbage-first heap   total 106496K, used 84115K [0x0000000081800000, 0x0000000100000000)
  region size 1024K, 38 young (38912K), 6 survivors (6144K)
 Metaspace       used 60945K, committed 61696K, reserved 1114112K
  class space    used 8242K, committed 8576K, reserved 1048576K
}
Event: 31.734 GC heap after
{Heap after GC invocations=30 (full 0):
 garbage-first heap   total 106496K, used 56018K [0x0000000081800000, 0x0000000100000000)
  region size 1024K, 5 young (5120K), 5 survivors (5120K)
 Metaspace       used 60945K, committed 61696K, reserved 1114112K
  class space    used 8242K, committed 8576K, reserved 1048576K
}
Event: 31.970 GC heap before
{Heap before GC invocations=30 (full 0):
 garbage-first heap   total 106496K, used 92882K [0x0000000081800000, 0x0000000100000000)
  region size 1024K, 41 young (41984K), 5 survivors (5120K)
 Metaspace       used 61039K, committed 61760K, reserved 1114112K
  class space    used 8255K, committed 8576K, reserved 1048576K
}
Event: 31.993 GC heap after
{Heap after GC invocations=31 (full 0):
 garbage-first heap   total 112640K, used 68286K [0x0000000081800000, 0x0000000100000000)
  region size 1024K, 6 young (6144K), 6 survivors (6144K)
 Metaspace       used 61039K, committed 61760K, reserved 1114112K
  class space    used 8255K, committed 8576K, reserved 1048576K
}
Event: 32.062 GC heap before
{Heap before GC invocations=31 (full 0):
 garbage-first heap   total 112640K, used 83646K [0x0000000081800000, 0x0000000100000000)
  region size 1024K, 23 young (23552K), 6 survivors (6144K)
 Metaspace       used 61039K, committed 61760K, reserved 1114112K
  class space    used 8255K, committed 8576K, reserved 1048576K
}
Event: 32.074 GC heap after
{Heap after GC invocations=32 (full 0):
 garbage-first heap   total 225280K, used 71916K [0x0000000081800000, 0x0000000100000000)
  region size 1024K, 4 young (4096K), 4 survivors (4096K)
 Metaspace       used 61039K, committed 61760K, reserved 1114112K
  class space    used 8255K, committed 8576K, reserved 1048576K
}
Event: 32.307 GC heap before
{Heap before GC invocations=32 (full 0):
 garbage-first heap   total 225280K, used 116972K [0x0000000081800000, 0x0000000100000000)
  region size 1024K, 49 young (50176K), 4 survivors (4096K)
 Metaspace       used 61053K, committed 61760K, reserved 1114112K
  class space    used 8259K, committed 8576K, reserved 1048576K
}
Event: 32.333 GC heap after
{Heap after GC invocations=33 (full 0):
 garbage-first heap   total 225280K, used 84895K [0x0000000081800000, 0x0000000100000000)
  region size 1024K, 14 young (14336K), 14 survivors (14336K)
 Metaspace       used 61053K, committed 61760K, reserved 1114112K
  class space    used 8259K, committed 8576K, reserved 1048576K
}
Event: 32.802 GC heap before
{Heap before GC invocations=34 (full 0):
 garbage-first heap   total 225280K, used 175007K [0x0000000081800000, 0x0000000100000000)
  region size 1024K, 104 young (106496K), 14 survivors (14336K)
 Metaspace       used 60994K, committed 61760K, reserved 1114112K
  class space    used 8249K, committed 8576K, reserved 1048576K
}
Event: 32.824 GC heap after
{Heap after GC invocations=35 (full 0):
 garbage-first heap   total 225280K, used 87592K [0x0000000081800000, 0x0000000100000000)
  region size 1024K, 7 young (7168K), 7 survivors (7168K)
 Metaspace       used 60994K, committed 61760K, reserved 1114112K
  class space    used 8249K, committed 8576K, reserved 1048576K
}
Event: 92.313 GC heap before
{Heap before GC invocations=35 (full 0):
 garbage-first heap   total 225280K, used 193064K [0x0000000081800000, 0x0000000100000000)
  region size 1024K, 111 young (113664K), 7 survivors (7168K)
 Metaspace       used 65946K, committed 66752K, reserved 1114112K
  class space    used 8947K, committed 9344K, reserved 1048576K
}
Event: 92.324 GC heap after
{Heap after GC invocations=36 (full 0):
 garbage-first heap   total 225280K, used 80507K [0x0000000081800000, 0x0000000100000000)
  region size 1024K, 5 young (5120K), 5 survivors (5120K)
 Metaspace       used 65946K, committed 66752K, reserved 1114112K
  class space    used 8947K, committed 9344K, reserved 1048576K
}
Event: 96.650 GC heap before
{Heap before GC invocations=36 (full 0):
 garbage-first heap   total 225280K, used 197243K [0x0000000081800000, 0x0000000100000000)
  region size 1024K, 120 young (122880K), 5 survivors (5120K)
 Metaspace       used 67559K, committed 68416K, reserved 1114112K
  class space    used 9218K, committed 9600K, reserved 1048576K
}
Event: 96.664 GC heap after
{Heap after GC invocations=37 (full 0):
 garbage-first heap   total 225280K, used 82766K [0x0000000081800000, 0x0000000100000000)
  region size 1024K, 7 young (7168K), 7 survivors (7168K)
 Metaspace       used 67559K, committed 68416K, reserved 1114112K
  class space    used 9218K, committed 9600K, reserved 1048576K
}
Event: 466.887 GC heap before
{Heap before GC invocations=38 (full 0):
 garbage-first heap   total 225280K, used 184142K [0x0000000081800000, 0x0000000100000000)
  region size 1024K, 120 young (122880K), 7 survivors (7168K)
 Metaspace       used 70912K, committed 71808K, reserved 1114112K
  class space    used 9664K, committed 10048K, reserved 1048576K
}
Event: 467.208 GC heap after
{Heap after GC invocations=39 (full 0):
 garbage-first heap   total 225280K, used 71356K [0x0000000081800000, 0x0000000100000000)
  region size 1024K, 10 young (10240K), 10 survivors (10240K)
 Metaspace       used 70912K, committed 71808K, reserved 1114112K
  class space    used 9664K, committed 10048K, reserved 1048576K
}
Event: 1076.802 GC heap before
{Heap before GC invocations=39 (full 0):
 garbage-first heap   total 225280K, used 196284K [0x0000000081800000, 0x0000000100000000)
  region size 1024K, 132 young (135168K), 10 survivors (10240K)
 Metaspace       used 71665K, committed 72576K, reserved 1114112K
  class space    used 9773K, committed 10176K, reserved 1048576K
}

